Arguments: 
  D:\Node\node.exe C:\Users\Mz\AppData\Roaming\npm\node_modules\yarn\bin\yarn.js add @types/three

PATH: 
  D:\Git\mingw64\bin;D:\Git\usr\bin;C:\Users\Mz\bin;C:\Program Files (x86)\NVIDIA Corporation\PhysX\Common;D:\VMware\bin;C:\WINDOWS\system32;C:\WINDOWS;C:\WINDOWS\System32\Wbem;C:\WINDOWS\System32\WindowsPowerShell\v1.0;C:\WINDOWS\System32\OpenSSH;D:\Node;D:\Git\usr\bin;D:\微信web开发者工具\dll;C:\Program Files\Docker\Docker\resources\bin;D:\Python3.6\Scripts;D:\Python3.6;C:\Users\Mz\AppData\Local\Microsoft\WindowsApps;C:\Users\Mz\AppData\Roaming\npm;D:\Microsoft VS Code\bin;D:\PyCharm Community Edition 2019.3.3\bin;D:\PyCharm 2021.1\bin;D:\Fiddler

Yarn version: 
  1.22.19

Node version: 
  16.14.0

Platform: 
  win32 x64

Trace: 
  Error: connect ETIMEDOUT 104.16.26.35:443
      at TCPConnectWrap.afterConnect [as oncomplete] (node:net:1157:16)

npm manifest: 
  {
    "name": "resume",
    "version": "1.0.0",
    "description": "",
    "main": "index.js",
    "scripts": {
      "dev": "cross-env NODE_ENV=development npx webpack serve --config ./config/webpack.dev.ts",
      "build": "cross-env NODE_ENV=production webpack --config ./config/webpack.prod.ts",
      "test": "echo \"Error: no test specified\" && exit 1"
    },
    "keywords": [],
    "author": "",
    "license": "ISC",
    "devDependencies": {
      "@babel/plugin-transform-runtime": "^7.19.6",
      "@babel/preset-env": "^7.20.2",
      "@babel/preset-react": "^7.18.6",
      "@babel/preset-typescript": "^7.18.6",
      "@babel/register": "^7.18.9",
      "@types/react": "^18.0.28",
      "@types/react-dom": "^18.0.10",
      "@types/webpack": "^5.28.0",
      "autoprefixer": "^10.4.13",
      "babel-loader": "^9.1.2",
      "compression-webpack-plugin": "^10.0.0",
      "cross-env": "^7.0.3",
      "css-loader": "^6.7.3",
      "css-minimizer-webpack-plugin": "^4.2.2",
      "dart-sass": "^1.25.0",
      "file-loader": "^6.2.0",
      "hard-source-webpack-plugin": "^0.13.1",
      "html-webpack-plugin": "^5.5.0",
      "mini-css-extract-plugin": "^2.7.2",
      "postcss-import": "^15.1.0",
      "postcss-loader": "^7.0.2",
      "postcss-px2rem": "^0.3.0",
      "react": "^18.2.0",
      "react-dom": "^18.2.0",
      "sass": "^1.58.0",
      "sass-loader": "^13.2.0",
      "speed-measure-webpack-plugin": "^1.5.0",
      "style-loader": "^3.3.1",
      "thread-loader": "^3.0.4",
      "typescript": "^4.9.5",
      "url-loader": "^4.1.1",
      "webpack": "^5.75.0",
      "webpack-bundle-analyzer": "^4.8.0",
      "webpack-cli": "^5.0.1",
      "webpack-dev-server": "^4.11.1",
      "webpack-merge": "^5.8.0"
    },
    "dependencies": {
      "@babel/runtime": "^7.21.0",
      "@babel/runtime-corejs3": "^7.21.0",
      "dayjs": "^1.11.7"
    }
  }

yarn manifest: 
  No manifest

Lockfile: 
  No lockfile
